CRITICAL - 2025-02-01 11:44:07 --> ErrorException: include(assets/inc/country-lists.php): Failed to open stream: No such file or directory
[Method: GET, Route: /]
in APPPATH\Views\enrollement.php on line 2.
 1 APPPATH\Views\enrollement.php(2): CodeIgniter\Debug\Exceptions->errorHandler(2, 'include(assets/inc/country-lists.php): Failed to open stream: No such file or directory', 'C:\\xampp\\htdocs\\AEM\\app\\Views\\enrollement.php', 2)
 2 APPPATH\Views\enrollement.php(2): include()
 3 SYSTEMPATH\View\View.php(224): include('C:\\xampp\\htdocs\\AEM\\app\\Views\\enrollement.php')
 4 SYSTEMPATH\View\View.php(227): CodeIgniter\View\View->CodeIgniter\View\{closure}()
 5 SYSTEMPATH\Common.php(1173): CodeIgniter\View\View->render('enrollement', [], true)
 6 APPPATH\Controllers\UserController.php(9): view('enrollement')
 7 SYSTEMPATH\CodeIgniter.php(933): App\Controllers\UserController->enrollement()
 8 SYSTEMPATH\CodeIgniter.php(507): CodeIgniter\CodeIgniter->runController(Object(App\Controllers\UserController))
 9 SYSTEMPATH\CodeIgniter.php(354): CodeIgniter\CodeIgniter->handleRequest(null, Object(Config\Cache), false)
10 SYSTEMPATH\Boot.php(334): CodeIgniter\CodeIgniter->run()
11 SYSTEMPATH\Boot.php(67): CodeIgniter\Boot::runCodeIgniter(Object(CodeIgniter\CodeIgniter))
12 FCPATH\index.php(58): CodeIgniter\Boot::bootWeb(Object(Config\Paths))
CRITICAL - 2025-02-01 11:44:23 --> ErrorException: include(/assets/inc/country-lists.php): Failed to open stream: No such file or directory
[Method: GET, Route: /]
in APPPATH\Views\enrollement.php on line 2.
 1 APPPATH\Views\enrollement.php(2): CodeIgniter\Debug\Exceptions->errorHandler(2, 'include(/assets/inc/country-lists.php): Failed to open stream: No such file or directory', 'C:\\xampp\\htdocs\\AEM\\app\\Views\\enrollement.php', 2)
 2 APPPATH\Views\enrollement.php(2): include()
 3 SYSTEMPATH\View\View.php(224): include('C:\\xampp\\htdocs\\AEM\\app\\Views\\enrollement.php')
 4 SYSTEMPATH\View\View.php(227): CodeIgniter\View\View->CodeIgniter\View\{closure}()
 5 SYSTEMPATH\Common.php(1173): CodeIgniter\View\View->render('enrollement', [], true)
 6 APPPATH\Controllers\UserController.php(9): view('enrollement')
 7 SYSTEMPATH\CodeIgniter.php(933): App\Controllers\UserController->enrollement()
 8 SYSTEMPATH\CodeIgniter.php(507): CodeIgniter\CodeIgniter->runController(Object(App\Controllers\UserController))
 9 SYSTEMPATH\CodeIgniter.php(354): CodeIgniter\CodeIgniter->handleRequest(null, Object(Config\Cache), false)
10 SYSTEMPATH\Boot.php(334): CodeIgniter\CodeIgniter->run()
11 SYSTEMPATH\Boot.php(67): CodeIgniter\Boot::runCodeIgniter(Object(CodeIgniter\CodeIgniter))
12 FCPATH\index.php(58): CodeIgniter\Boot::bootWeb(Object(Config\Paths))
CRITICAL - 2025-02-01 11:44:33 --> ErrorException: include(public/assets/inc/country-lists.php): Failed to open stream: No such file or directory
[Method: GET, Route: /]
in APPPATH\Views\enrollement.php on line 2.
 1 APPPATH\Views\enrollement.php(2): CodeIgniter\Debug\Exceptions->errorHandler(2, 'include(public/assets/inc/country-lists.php): Failed to open stream: No such file or directory', 'C:\\xampp\\htdocs\\AEM\\app\\Views\\enrollement.php', 2)
 2 APPPATH\Views\enrollement.php(2): include()
 3 SYSTEMPATH\View\View.php(224): include('C:\\xampp\\htdocs\\AEM\\app\\Views\\enrollement.php')
 4 SYSTEMPATH\View\View.php(227): CodeIgniter\View\View->CodeIgniter\View\{closure}()
 5 SYSTEMPATH\Common.php(1173): CodeIgniter\View\View->render('enrollement', [], true)
 6 APPPATH\Controllers\UserController.php(9): view('enrollement')
 7 SYSTEMPATH\CodeIgniter.php(933): App\Controllers\UserController->enrollement()
 8 SYSTEMPATH\CodeIgniter.php(507): CodeIgniter\CodeIgniter->runController(Object(App\Controllers\UserController))
 9 SYSTEMPATH\CodeIgniter.php(354): CodeIgniter\CodeIgniter->handleRequest(null, Object(Config\Cache), false)
10 SYSTEMPATH\Boot.php(334): CodeIgniter\CodeIgniter->run()
11 SYSTEMPATH\Boot.php(67): CodeIgniter\Boot::runCodeIgniter(Object(CodeIgniter\CodeIgniter))
12 FCPATH\index.php(58): CodeIgniter\Boot::bootWeb(Object(Config\Paths))
CRITICAL - 2025-02-01 11:45:00 --> ErrorException: include(/public/assets/inc/coutry-lists.php): Failed to open stream: No such file or directory
[Method: GET, Route: /]
in APPPATH\Views\enrollement.php on line 2.
 1 APPPATH\Views\enrollement.php(2): CodeIgniter\Debug\Exceptions->errorHandler(2, 'include(/public/assets/inc/coutry-lists.php): Failed to open stream: No such file or directory', 'C:\\xampp\\htdocs\\AEM\\app\\Views\\enrollement.php', 2)
 2 APPPATH\Views\enrollement.php(2): include()
 3 SYSTEMPATH\View\View.php(224): include('C:\\xampp\\htdocs\\AEM\\app\\Views\\enrollement.php')
 4 SYSTEMPATH\View\View.php(227): CodeIgniter\View\View->CodeIgniter\View\{closure}()
 5 SYSTEMPATH\Common.php(1173): CodeIgniter\View\View->render('enrollement', [], true)
 6 APPPATH\Controllers\UserController.php(9): view('enrollement')
 7 SYSTEMPATH\CodeIgniter.php(933): App\Controllers\UserController->enrollement()
 8 SYSTEMPATH\CodeIgniter.php(507): CodeIgniter\CodeIgniter->runController(Object(App\Controllers\UserController))
 9 SYSTEMPATH\CodeIgniter.php(354): CodeIgniter\CodeIgniter->handleRequest(null, Object(Config\Cache), false)
10 SYSTEMPATH\Boot.php(334): CodeIgniter\CodeIgniter->run()
11 SYSTEMPATH\Boot.php(67): CodeIgniter\Boot::runCodeIgniter(Object(CodeIgniter\CodeIgniter))
12 FCPATH\index.php(58): CodeIgniter\Boot::bootWeb(Object(Config\Paths))
CRITICAL - 2025-02-01 11:45:12 --> ErrorException: include(assets/inc/coutry-lists.php): Failed to open stream: No such file or directory
[Method: GET, Route: /]
in APPPATH\Views\enrollement.php on line 2.
 1 APPPATH\Views\enrollement.php(2): CodeIgniter\Debug\Exceptions->errorHandler(2, 'include(assets/inc/coutry-lists.php): Failed to open stream: No such file or directory', 'C:\\xampp\\htdocs\\AEM\\app\\Views\\enrollement.php', 2)
 2 APPPATH\Views\enrollement.php(2): include()
 3 SYSTEMPATH\View\View.php(224): include('C:\\xampp\\htdocs\\AEM\\app\\Views\\enrollement.php')
 4 SYSTEMPATH\View\View.php(227): CodeIgniter\View\View->CodeIgniter\View\{closure}()
 5 SYSTEMPATH\Common.php(1173): CodeIgniter\View\View->render('enrollement', [], true)
 6 APPPATH\Controllers\UserController.php(9): view('enrollement')
 7 SYSTEMPATH\CodeIgniter.php(933): App\Controllers\UserController->enrollement()
 8 SYSTEMPATH\CodeIgniter.php(507): CodeIgniter\CodeIgniter->runController(Object(App\Controllers\UserController))
 9 SYSTEMPATH\CodeIgniter.php(354): CodeIgniter\CodeIgniter->handleRequest(null, Object(Config\Cache), false)
10 SYSTEMPATH\Boot.php(334): CodeIgniter\CodeIgniter->run()
11 SYSTEMPATH\Boot.php(67): CodeIgniter\Boot::runCodeIgniter(Object(CodeIgniter\CodeIgniter))
12 FCPATH\index.php(58): CodeIgniter\Boot::bootWeb(Object(Config\Paths))
CRITICAL - 2025-02-01 11:46:40 --> ErrorException: include(C:\xampp\htdocs\AEM\assets/inc/coutry-lists.php): Failed to open stream: No such file or directory
[Method: GET, Route: /]
in APPPATH\Views\enrollement.php on line 2.
 1 APPPATH\Views\enrollement.php(2): CodeIgniter\Debug\Exceptions->errorHandler(2, 'include(C:\\xampp\\htdocs\\AEM\\assets/inc/coutry-lists.php): Failed to open stream: No such file or directory', 'C:\\xampp\\htdocs\\AEM\\app\\Views\\enrollement.php', 2)
 2 APPPATH\Views\enrollement.php(2): include()
 3 SYSTEMPATH\View\View.php(224): include('C:\\xampp\\htdocs\\AEM\\app\\Views\\enrollement.php')
 4 SYSTEMPATH\View\View.php(227): CodeIgniter\View\View->CodeIgniter\View\{closure}()
 5 SYSTEMPATH\Common.php(1173): CodeIgniter\View\View->render('enrollement', [], true)
 6 APPPATH\Controllers\UserController.php(9): view('enrollement')
 7 SYSTEMPATH\CodeIgniter.php(933): App\Controllers\UserController->enrollement()
 8 SYSTEMPATH\CodeIgniter.php(507): CodeIgniter\CodeIgniter->runController(Object(App\Controllers\UserController))
 9 SYSTEMPATH\CodeIgniter.php(354): CodeIgniter\CodeIgniter->handleRequest(null, Object(Config\Cache), false)
10 SYSTEMPATH\Boot.php(334): CodeIgniter\CodeIgniter->run()
11 SYSTEMPATH\Boot.php(67): CodeIgniter\Boot::runCodeIgniter(Object(CodeIgniter\CodeIgniter))
12 FCPATH\index.php(58): CodeIgniter\Boot::bootWeb(Object(Config\Paths))
CRITICAL - 2025-02-01 11:47:27 --> ErrorException: Undefined variable $data
[Method: GET, Route: /]
in APPPATH\Views\enrollement.php on line 3.
 1 APPPATH\Views\enrollement.php(3): CodeIgniter\Debug\Exceptions->errorHandler(2, 'Undefined variable $data', 'C:\\xampp\\htdocs\\AEM\\app\\Views\\enrollement.php', 3)
 2 SYSTEMPATH\View\View.php(224): include('C:\\xampp\\htdocs\\AEM\\app\\Views\\enrollement.php')
 3 SYSTEMPATH\View\View.php(227): CodeIgniter\View\View->CodeIgniter\View\{closure}()
 4 SYSTEMPATH\Common.php(1173): CodeIgniter\View\View->render('enrollement', [], true)
 5 APPPATH\Controllers\UserController.php(9): view('enrollement')
 6 SYSTEMPATH\CodeIgniter.php(933): App\Controllers\UserController->enrollement()
 7 SYSTEMPATH\CodeIgniter.php(507): CodeIgniter\CodeIgniter->runController(Object(App\Controllers\UserController))
 8 SYSTEMPATH\CodeIgniter.php(354): CodeIgniter\CodeIgniter->handleRequest(null, Object(Config\Cache), false)
 9 SYSTEMPATH\Boot.php(334): CodeIgniter\CodeIgniter->run()
10 SYSTEMPATH\Boot.php(67): CodeIgniter\Boot::runCodeIgniter(Object(CodeIgniter\CodeIgniter))
11 FCPATH\index.php(58): CodeIgniter\Boot::bootWeb(Object(Config\Paths))
CRITICAL - 2025-02-01 12:01:51 --> ParseError: syntax error, unexpected variable "$users"
[Method: GET, Route: /]
in APPPATH\Controllers\UserController.php on line 26.
 1 SYSTEMPATH\Autoloader\Autoloader.php(295): CodeIgniter\Autoloader\Autoloader->includeFile('C:\\xampp\\htdocs\\AEM\\app\\Controllers\\UserController.php')
 2 SYSTEMPATH\Autoloader\Autoloader.php(271): CodeIgniter\Autoloader\Autoloader->loadInNamespace('App\\Controllers\\UserController')
 3 [internal function]: CodeIgniter\Autoloader\Autoloader->loadClass('App\\Controllers\\UserController')
 4 SYSTEMPATH\CodeIgniter.php(885): class_exists('\\App\\Controllers\\UserController', true)
 5 SYSTEMPATH\CodeIgniter.php(494): CodeIgniter\CodeIgniter->startController()
 6 SYSTEMPATH\CodeIgniter.php(354): CodeIgniter\CodeIgniter->handleRequest(null, Object(Config\Cache), false)
 7 SYSTEMPATH\Boot.php(334): CodeIgniter\CodeIgniter->run()
 8 SYSTEMPATH\Boot.php(67): CodeIgniter\Boot::runCodeIgniter(Object(CodeIgniter\CodeIgniter))
 9 FCPATH\index.php(58): CodeIgniter\Boot::bootWeb(Object(Config\Paths))
CRITICAL - 2025-02-01 12:17:06 --> Error: Cannot use object of type CodeIgniter\HTTP\Files\UploadedFile as array
[Method: POST, Route: register]
in APPPATH\Controllers\UserController.php on line 22.
 1 SYSTEMPATH\CodeIgniter.php(933): App\Controllers\UserController->register()
 2 SYSTEMPATH\CodeIgniter.php(507): CodeIgniter\CodeIgniter->runController(Object(App\Controllers\UserController))
 3 SYSTEMPATH\CodeIgniter.php(354): CodeIgniter\CodeIgniter->handleRequest(null, Object(Config\Cache), false)
 4 SYSTEMPATH\Boot.php(334): CodeIgniter\CodeIgniter->run()
 5 SYSTEMPATH\Boot.php(67): CodeIgniter\Boot::runCodeIgniter(Object(CodeIgniter\CodeIgniter))
 6 FCPATH\index.php(58): CodeIgniter\Boot::bootWeb(Object(Config\Paths))
ERROR - 2025-02-01 12:18:47 --> mysqli_sql_exception: Cannot add or update a child row: a foreign key constraint fails (`aem_database`.`aem_user`, CONSTRAINT `aem_user_ibfk_1` FOREIGN KEY (`aem_country`) REFERENCES `aem_country` (`aem_id_country`) ON DELETE CASCADE) in C:\xampp\htdocs\AEM\system\Database\MySQLi\Connection.php:327
Stack trace:
#0 C:\xampp\htdocs\AEM\system\Database\MySQLi\Connection.php(327): mysqli->query('INSERT INTO `ae...', 0)
#1 C:\xampp\htdocs\AEM\system\Database\BaseConnection.php(738): CodeIgniter\Database\MySQLi\Connection->execute('INSERT INTO `ae...')
#2 C:\xampp\htdocs\AEM\system\Database\BaseConnection.php(652): CodeIgniter\Database\BaseConnection->simpleQuery('INSERT INTO `ae...')
#3 C:\xampp\htdocs\AEM\system\Database\BaseBuilder.php(2345): CodeIgniter\Database\BaseConnection->query('INSERT INTO `ae...', Array, false)
#4 C:\xampp\htdocs\AEM\system\Model.php(394): CodeIgniter\Database\BaseBuilder->insert()
#5 C:\xampp\htdocs\AEM\system\BaseModel.php(839): CodeIgniter\Model->doInsert(Array)
#6 C:\xampp\htdocs\AEM\system\Model.php(800): CodeIgniter\BaseModel->insert(Array, true)
#7 C:\xampp\htdocs\AEM\app\Controllers\UserController.php(32): CodeIgniter\Model->insert(Array)
#8 C:\xampp\htdocs\AEM\system\CodeIgniter.php(933): App\Controllers\UserController->register()
#9 C:\xampp\htdocs\AEM\system\CodeIgniter.php(507): CodeIgniter\CodeIgniter->runController(Object(App\Controllers\UserController))
#10 C:\xampp\htdocs\AEM\system\CodeIgniter.php(354): CodeIgniter\CodeIgniter->handleRequest(NULL, Object(Config\Cache), false)
#11 C:\xampp\htdocs\AEM\system\Boot.php(334): CodeIgniter\CodeIgniter->run()
#12 C:\xampp\htdocs\AEM\system\Boot.php(67): CodeIgniter\Boot::runCodeIgniter(Object(CodeIgniter\CodeIgniter))
#13 C:\xampp\htdocs\AEM\index.php(58): CodeIgniter\Boot::bootWeb(Object(Config\Paths))
#14 {main}
CRITICAL - 2025-02-01 12:18:47 --> CodeIgniter\Database\Exceptions\DatabaseException: Cannot add or update a child row: a foreign key constraint fails (`aem_database`.`aem_user`, CONSTRAINT `aem_user_ibfk_1` FOREIGN KEY (`aem_country`) REFERENCES `aem_country` (`aem_id_country`) ON DELETE CASCADE)
[Method: POST, Route: register]
in SYSTEMPATH\Database\BaseConnection.php on line 692.
 1 SYSTEMPATH\Database\BaseBuilder.php(2345): CodeIgniter\Database\BaseConnection->query('INSERT INTO `aem_user` (`aem_name`, `aem_first_name`, `aem_country`, `aem_city`, `aem_photos`) VALUES (:aem_name:, :aem_first_name:, :aem_country:, :aem_city:, :aem_photos:)', [...], false)
 2 SYSTEMPATH\Model.php(394): CodeIgniter\Database\BaseBuilder->insert()
 3 SYSTEMPATH\BaseModel.php(839): CodeIgniter\Model->doInsert([...])
 4 SYSTEMPATH\Model.php(800): CodeIgniter\BaseModel->insert([...], true)
 5 APPPATH\Controllers\UserController.php(32): CodeIgniter\Model->insert([...])
 6 SYSTEMPATH\CodeIgniter.php(933): App\Controllers\UserController->register()
 7 SYSTEMPATH\CodeIgniter.php(507): CodeIgniter\CodeIgniter->runController(Object(App\Controllers\UserController))
 8 SYSTEMPATH\CodeIgniter.php(354): CodeIgniter\CodeIgniter->handleRequest(null, Object(Config\Cache), false)
 9 SYSTEMPATH\Boot.php(334): CodeIgniter\CodeIgniter->run()
10 SYSTEMPATH\Boot.php(67): CodeIgniter\Boot::runCodeIgniter(Object(CodeIgniter\CodeIgniter))
11 FCPATH\index.php(58): CodeIgniter\Boot::bootWeb(Object(Config\Paths))
CRITICAL - 2025-02-01 12:18:47 --> [Caused by] CodeIgniter\Database\Exceptions\DatabaseException: Cannot add or update a child row: a foreign key constraint fails (`aem_database`.`aem_user`, CONSTRAINT `aem_user_ibfk_1` FOREIGN KEY (`aem_country`) REFERENCES `aem_country` (`aem_id_country`) ON DELETE CASCADE)
in SYSTEMPATH\Database\MySQLi\Connection.php on line 332.
 1 SYSTEMPATH\Database\BaseConnection.php(738): CodeIgniter\Database\MySQLi\Connection->execute('INSERT INTO `aem_user` (`aem_name`, `aem_first_name`, `aem_country`, `aem_city`, `aem_photos`) VALUES (\'RAZAFINDRALAMBO\', \'RAZ\', \'1\', \'Antananarivo\', \'assets/images/phpA579.tmp\')')
 2 SYSTEMPATH\Database\BaseConnection.php(652): CodeIgniter\Database\BaseConnection->simpleQuery('INSERT INTO `aem_user` (`aem_name`, `aem_first_name`, `aem_country`, `aem_city`, `aem_photos`) VALUES (\'RAZAFINDRALAMBO\', \'RAZ\', \'1\', \'Antananarivo\', \'assets/images/phpA579.tmp\')')
 3 SYSTEMPATH\Database\BaseBuilder.php(2345): CodeIgniter\Database\BaseConnection->query('INSERT INTO `aem_user` (`aem_name`, `aem_first_name`, `aem_country`, `aem_city`, `aem_photos`) VALUES (:aem_name:, :aem_first_name:, :aem_country:, :aem_city:, :aem_photos:)', [...], false)
 4 SYSTEMPATH\Model.php(394): CodeIgniter\Database\BaseBuilder->insert()
 5 SYSTEMPATH\BaseModel.php(839): CodeIgniter\Model->doInsert([...])
 6 SYSTEMPATH\Model.php(800): CodeIgniter\BaseModel->insert([...], true)
 7 APPPATH\Controllers\UserController.php(32): CodeIgniter\Model->insert([...])
 8 SYSTEMPATH\CodeIgniter.php(933): App\Controllers\UserController->register()
 9 SYSTEMPATH\CodeIgniter.php(507): CodeIgniter\CodeIgniter->runController(Object(App\Controllers\UserController))
10 SYSTEMPATH\CodeIgniter.php(354): CodeIgniter\CodeIgniter->handleRequest(null, Object(Config\Cache), false)
11 SYSTEMPATH\Boot.php(334): CodeIgniter\CodeIgniter->run()
12 SYSTEMPATH\Boot.php(67): CodeIgniter\Boot::runCodeIgniter(Object(CodeIgniter\CodeIgniter))
13 FCPATH\index.php(58): CodeIgniter\Boot::bootWeb(Object(Config\Paths))
CRITICAL - 2025-02-01 12:18:47 --> [Caused by] mysqli_sql_exception: Cannot add or update a child row: a foreign key constraint fails (`aem_database`.`aem_user`, CONSTRAINT `aem_user_ibfk_1` FOREIGN KEY (`aem_country`) REFERENCES `aem_country` (`aem_id_country`) ON DELETE CASCADE)
in SYSTEMPATH\Database\MySQLi\Connection.php on line 327.
 1 SYSTEMPATH\Database\MySQLi\Connection.php(327): mysqli->query('INSERT INTO `aem_user` (`aem_name`, `aem_first_name`, `aem_country`, `aem_city`, `aem_photos`) VALUES (\'RAZAFINDRALAMBO\', \'RAZ\', \'1\', \'Antananarivo\', \'assets/images/phpA579.tmp\')', 0)
 2 SYSTEMPATH\Database\BaseConnection.php(738): CodeIgniter\Database\MySQLi\Connection->execute('INSERT INTO `aem_user` (`aem_name`, `aem_first_name`, `aem_country`, `aem_city`, `aem_photos`) VALUES (\'RAZAFINDRALAMBO\', \'RAZ\', \'1\', \'Antananarivo\', \'assets/images/phpA579.tmp\')')
 3 SYSTEMPATH\Database\BaseConnection.php(652): CodeIgniter\Database\BaseConnection->simpleQuery('INSERT INTO `aem_user` (`aem_name`, `aem_first_name`, `aem_country`, `aem_city`, `aem_photos`) VALUES (\'RAZAFINDRALAMBO\', \'RAZ\', \'1\', \'Antananarivo\', \'assets/images/phpA579.tmp\')')
 4 SYSTEMPATH\Database\BaseBuilder.php(2345): CodeIgniter\Database\BaseConnection->query('INSERT INTO `aem_user` (`aem_name`, `aem_first_name`, `aem_country`, `aem_city`, `aem_photos`) VALUES (:aem_name:, :aem_first_name:, :aem_country:, :aem_city:, :aem_photos:)', [...], false)
 5 SYSTEMPATH\Model.php(394): CodeIgniter\Database\BaseBuilder->insert()
 6 SYSTEMPATH\BaseModel.php(839): CodeIgniter\Model->doInsert([...])
 7 SYSTEMPATH\Model.php(800): CodeIgniter\BaseModel->insert([...], true)
 8 APPPATH\Controllers\UserController.php(32): CodeIgniter\Model->insert([...])
 9 SYSTEMPATH\CodeIgniter.php(933): App\Controllers\UserController->register()
10 SYSTEMPATH\CodeIgniter.php(507): CodeIgniter\CodeIgniter->runController(Object(App\Controllers\UserController))
11 SYSTEMPATH\CodeIgniter.php(354): CodeIgniter\CodeIgniter->handleRequest(null, Object(Config\Cache), false)
12 SYSTEMPATH\Boot.php(334): CodeIgniter\CodeIgniter->run()
13 SYSTEMPATH\Boot.php(67): CodeIgniter\Boot::runCodeIgniter(Object(CodeIgniter\CodeIgniter))
14 FCPATH\index.php(58): CodeIgniter\Boot::bootWeb(Object(Config\Paths))
ERROR - 2025-02-01 12:29:40 --> mysqli_sql_exception: Cannot add or update a child row: a foreign key constraint fails (`aem_database`.`aem_user`, CONSTRAINT `aem_user_ibfk_1` FOREIGN KEY (`aem_country`) REFERENCES `aem_country` (`aem_id_country`) ON DELETE CASCADE) in C:\xampp\htdocs\AEM\system\Database\MySQLi\Connection.php:327
Stack trace:
#0 C:\xampp\htdocs\AEM\system\Database\MySQLi\Connection.php(327): mysqli->query('INSERT INTO `ae...', 0)
#1 C:\xampp\htdocs\AEM\system\Database\BaseConnection.php(738): CodeIgniter\Database\MySQLi\Connection->execute('INSERT INTO `ae...')
#2 C:\xampp\htdocs\AEM\system\Database\BaseConnection.php(652): CodeIgniter\Database\BaseConnection->simpleQuery('INSERT INTO `ae...')
#3 C:\xampp\htdocs\AEM\system\Database\BaseBuilder.php(2345): CodeIgniter\Database\BaseConnection->query('INSERT INTO `ae...', Array, false)
#4 C:\xampp\htdocs\AEM\system\Model.php(394): CodeIgniter\Database\BaseBuilder->insert()
#5 C:\xampp\htdocs\AEM\system\BaseModel.php(839): CodeIgniter\Model->doInsert(Array)
#6 C:\xampp\htdocs\AEM\system\Model.php(800): CodeIgniter\BaseModel->insert(Array, true)
#7 C:\xampp\htdocs\AEM\app\Controllers\UserController.php(32): CodeIgniter\Model->insert(Array)
#8 C:\xampp\htdocs\AEM\system\CodeIgniter.php(933): App\Controllers\UserController->register()
#9 C:\xampp\htdocs\AEM\system\CodeIgniter.php(507): CodeIgniter\CodeIgniter->runController(Object(App\Controllers\UserController))
#10 C:\xampp\htdocs\AEM\system\CodeIgniter.php(354): CodeIgniter\CodeIgniter->handleRequest(NULL, Object(Config\Cache), false)
#11 C:\xampp\htdocs\AEM\system\Boot.php(334): CodeIgniter\CodeIgniter->run()
#12 C:\xampp\htdocs\AEM\system\Boot.php(67): CodeIgniter\Boot::runCodeIgniter(Object(CodeIgniter\CodeIgniter))
#13 C:\xampp\htdocs\AEM\index.php(58): CodeIgniter\Boot::bootWeb(Object(Config\Paths))
#14 {main}
CRITICAL - 2025-02-01 12:29:40 --> CodeIgniter\Database\Exceptions\DatabaseException: Cannot add or update a child row: a foreign key constraint fails (`aem_database`.`aem_user`, CONSTRAINT `aem_user_ibfk_1` FOREIGN KEY (`aem_country`) REFERENCES `aem_country` (`aem_id_country`) ON DELETE CASCADE)
[Method: POST, Route: register]
in SYSTEMPATH\Database\BaseConnection.php on line 692.
 1 SYSTEMPATH\Database\BaseBuilder.php(2345): CodeIgniter\Database\BaseConnection->query('INSERT INTO `aem_user` (`aem_name`, `aem_first_name`, `aem_country`, `aem_city`, `aem_photos`) VALUES (:aem_name:, :aem_first_name:, :aem_country:, :aem_city:, :aem_photos:)', [...], false)
 2 SYSTEMPATH\Model.php(394): CodeIgniter\Database\BaseBuilder->insert()
 3 SYSTEMPATH\BaseModel.php(839): CodeIgniter\Model->doInsert([...])
 4 SYSTEMPATH\Model.php(800): CodeIgniter\BaseModel->insert([...], true)
 5 APPPATH\Controllers\UserController.php(32): CodeIgniter\Model->insert([...])
 6 SYSTEMPATH\CodeIgniter.php(933): App\Controllers\UserController->register()
 7 SYSTEMPATH\CodeIgniter.php(507): CodeIgniter\CodeIgniter->runController(Object(App\Controllers\UserController))
 8 SYSTEMPATH\CodeIgniter.php(354): CodeIgniter\CodeIgniter->handleRequest(null, Object(Config\Cache), false)
 9 SYSTEMPATH\Boot.php(334): CodeIgniter\CodeIgniter->run()
10 SYSTEMPATH\Boot.php(67): CodeIgniter\Boot::runCodeIgniter(Object(CodeIgniter\CodeIgniter))
11 FCPATH\index.php(58): CodeIgniter\Boot::bootWeb(Object(Config\Paths))
CRITICAL - 2025-02-01 12:29:40 --> [Caused by] CodeIgniter\Database\Exceptions\DatabaseException: Cannot add or update a child row: a foreign key constraint fails (`aem_database`.`aem_user`, CONSTRAINT `aem_user_ibfk_1` FOREIGN KEY (`aem_country`) REFERENCES `aem_country` (`aem_id_country`) ON DELETE CASCADE)
in SYSTEMPATH\Database\MySQLi\Connection.php on line 332.
 1 SYSTEMPATH\Database\BaseConnection.php(738): CodeIgniter\Database\MySQLi\Connection->execute('INSERT INTO `aem_user` (`aem_name`, `aem_first_name`, `aem_country`, `aem_city`, `aem_photos`) VALUES (\'JOSOA\', \'RAZ\', \'1\', \'Antananarivo\', \'assets/images/703e3aefd9500eff0f63294bc383ac2a.jpeg\')')
 2 SYSTEMPATH\Database\BaseConnection.php(652): CodeIgniter\Database\BaseConnection->simpleQuery('INSERT INTO `aem_user` (`aem_name`, `aem_first_name`, `aem_country`, `aem_city`, `aem_photos`) VALUES (\'JOSOA\', \'RAZ\', \'1\', \'Antananarivo\', \'assets/images/703e3aefd9500eff0f63294bc383ac2a.jpeg\')')
 3 SYSTEMPATH\Database\BaseBuilder.php(2345): CodeIgniter\Database\BaseConnection->query('INSERT INTO `aem_user` (`aem_name`, `aem_first_name`, `aem_country`, `aem_city`, `aem_photos`) VALUES (:aem_name:, :aem_first_name:, :aem_country:, :aem_city:, :aem_photos:)', [...], false)
 4 SYSTEMPATH\Model.php(394): CodeIgniter\Database\BaseBuilder->insert()
 5 SYSTEMPATH\BaseModel.php(839): CodeIgniter\Model->doInsert([...])
 6 SYSTEMPATH\Model.php(800): CodeIgniter\BaseModel->insert([...], true)
 7 APPPATH\Controllers\UserController.php(32): CodeIgniter\Model->insert([...])
 8 SYSTEMPATH\CodeIgniter.php(933): App\Controllers\UserController->register()
 9 SYSTEMPATH\CodeIgniter.php(507): CodeIgniter\CodeIgniter->runController(Object(App\Controllers\UserController))
10 SYSTEMPATH\CodeIgniter.php(354): CodeIgniter\CodeIgniter->handleRequest(null, Object(Config\Cache), false)
11 SYSTEMPATH\Boot.php(334): CodeIgniter\CodeIgniter->run()
12 SYSTEMPATH\Boot.php(67): CodeIgniter\Boot::runCodeIgniter(Object(CodeIgniter\CodeIgniter))
13 FCPATH\index.php(58): CodeIgniter\Boot::bootWeb(Object(Config\Paths))
CRITICAL - 2025-02-01 12:29:40 --> [Caused by] mysqli_sql_exception: Cannot add or update a child row: a foreign key constraint fails (`aem_database`.`aem_user`, CONSTRAINT `aem_user_ibfk_1` FOREIGN KEY (`aem_country`) REFERENCES `aem_country` (`aem_id_country`) ON DELETE CASCADE)
in SYSTEMPATH\Database\MySQLi\Connection.php on line 327.
 1 SYSTEMPATH\Database\MySQLi\Connection.php(327): mysqli->query('INSERT INTO `aem_user` (`aem_name`, `aem_first_name`, `aem_country`, `aem_city`, `aem_photos`) VALUES (\'JOSOA\', \'RAZ\', \'1\', \'Antananarivo\', \'assets/images/703e3aefd9500eff0f63294bc383ac2a.jpeg\')', 0)
 2 SYSTEMPATH\Database\BaseConnection.php(738): CodeIgniter\Database\MySQLi\Connection->execute('INSERT INTO `aem_user` (`aem_name`, `aem_first_name`, `aem_country`, `aem_city`, `aem_photos`) VALUES (\'JOSOA\', \'RAZ\', \'1\', \'Antananarivo\', \'assets/images/703e3aefd9500eff0f63294bc383ac2a.jpeg\')')
 3 SYSTEMPATH\Database\BaseConnection.php(652): CodeIgniter\Database\BaseConnection->simpleQuery('INSERT INTO `aem_user` (`aem_name`, `aem_first_name`, `aem_country`, `aem_city`, `aem_photos`) VALUES (\'JOSOA\', \'RAZ\', \'1\', \'Antananarivo\', \'assets/images/703e3aefd9500eff0f63294bc383ac2a.jpeg\')')
 4 SYSTEMPATH\Database\BaseBuilder.php(2345): CodeIgniter\Database\BaseConnection->query('INSERT INTO `aem_user` (`aem_name`, `aem_first_name`, `aem_country`, `aem_city`, `aem_photos`) VALUES (:aem_name:, :aem_first_name:, :aem_country:, :aem_city:, :aem_photos:)', [...], false)
 5 SYSTEMPATH\Model.php(394): CodeIgniter\Database\BaseBuilder->insert()
 6 SYSTEMPATH\BaseModel.php(839): CodeIgniter\Model->doInsert([...])
 7 SYSTEMPATH\Model.php(800): CodeIgniter\BaseModel->insert([...], true)
 8 APPPATH\Controllers\UserController.php(32): CodeIgniter\Model->insert([...])
 9 SYSTEMPATH\CodeIgniter.php(933): App\Controllers\UserController->register()
10 SYSTEMPATH\CodeIgniter.php(507): CodeIgniter\CodeIgniter->runController(Object(App\Controllers\UserController))
11 SYSTEMPATH\CodeIgniter.php(354): CodeIgniter\CodeIgniter->handleRequest(null, Object(Config\Cache), false)
12 SYSTEMPATH\Boot.php(334): CodeIgniter\CodeIgniter->run()
13 SYSTEMPATH\Boot.php(67): CodeIgniter\Boot::runCodeIgniter(Object(CodeIgniter\CodeIgniter))
14 FCPATH\index.php(58): CodeIgniter\Boot::bootWeb(Object(Config\Paths))
CRITICAL - 2025-02-01 12:36:45 --> Error: Call to undefined function PHPUnit\Framework\assertNotNull()
[Method: POST, Route: register]
in APPPATH\Controllers\UserController.php on line 25.
 1 SYSTEMPATH\CodeIgniter.php(933): App\Controllers\UserController->register()
 2 SYSTEMPATH\CodeIgniter.php(507): CodeIgniter\CodeIgniter->runController(Object(App\Controllers\UserController))
 3 SYSTEMPATH\CodeIgniter.php(354): CodeIgniter\CodeIgniter->handleRequest(null, Object(Config\Cache), false)
 4 SYSTEMPATH\Boot.php(334): CodeIgniter\CodeIgniter->run()
 5 SYSTEMPATH\Boot.php(67): CodeIgniter\Boot::runCodeIgniter(Object(CodeIgniter\CodeIgniter))
 6 FCPATH\index.php(58): CodeIgniter\Boot::bootWeb(Object(Config\Paths))
