DEBUG - 2025-02-07 07:17:39 --> Session: Class initialized using 'CodeIgniter\Session\Handlers\FileHandler' driver.
DEBUG - 2025-02-07 07:20:46 --> Session: Class initialized using 'CodeIgniter\Session\Handlers\FileHandler' driver.
DEBUG - 2025-02-07 07:36:50 --> Session: Class initialized using 'CodeIgniter\Session\Handlers\FileHandler' driver.
DEBUG - 2025-02-07 07:36:54 --> Session: Class initialized using 'CodeIgniter\Session\Handlers\FileHandler' driver.
DEBUG - 2025-02-07 07:37:55 --> Session: Class initialized using 'CodeIgniter\Session\Handlers\FileHandler' driver.
DEBUG - 2025-02-07 07:41:24 --> Session: Class initialized using 'CodeIgniter\Session\Handlers\FileHandler' driver.
DEBUG - 2025-02-07 07:42:25 --> Session: Class initialized using 'CodeIgniter\Session\Handlers\FileHandler' driver.
DEBUG - 2025-02-07 07:44:39 --> Session: Class initialized using 'CodeIgniter\Session\Handlers\FileHandler' driver.
DEBUG - 2025-02-07 07:46:17 --> Session: Class initialized using 'CodeIgniter\Session\Handlers\FileHandler' driver.
DEBUG - 2025-02-07 07:46:36 --> Session: Class initialized using 'CodeIgniter\Session\Handlers\FileHandler' driver.
DEBUG - 2025-02-07 07:46:52 --> Session: Class initialized using 'CodeIgniter\Session\Handlers\FileHandler' driver.
DEBUG - 2025-02-07 07:47:10 --> Session: Class initialized using 'CodeIgniter\Session\Handlers\FileHandler' driver.
DEBUG - 2025-02-07 07:47:36 --> Session: Class initialized using 'CodeIgniter\Session\Handlers\FileHandler' driver.
DEBUG - 2025-02-07 07:47:49 --> Session: Class initialized using 'CodeIgniter\Session\Handlers\FileHandler' driver.
DEBUG - 2025-02-07 07:47:59 --> Session: Class initialized using 'CodeIgniter\Session\Handlers\FileHandler' driver.
DEBUG - 2025-02-07 07:48:11 --> Session: Class initialized using 'CodeIgniter\Session\Handlers\FileHandler' driver.
DEBUG - 2025-02-07 07:49:30 --> Session: Class initialized using 'CodeIgniter\Session\Handlers\FileHandler' driver.
DEBUG - 2025-02-07 07:50:13 --> Session: Class initialized using 'CodeIgniter\Session\Handlers\FileHandler' driver.
DEBUG - 2025-02-07 07:51:25 --> Session: Class initialized using 'CodeIgniter\Session\Handlers\FileHandler' driver.
DEBUG - 2025-02-07 07:52:13 --> Session: Class initialized using 'CodeIgniter\Session\Handlers\FileHandler' driver.
DEBUG - 2025-02-07 07:52:24 --> Session: Class initialized using 'CodeIgniter\Session\Handlers\FileHandler' driver.
DEBUG - 2025-02-07 07:53:01 --> Session: Class initialized using 'CodeIgniter\Session\Handlers\FileHandler' driver.
DEBUG - 2025-02-07 07:55:02 --> Session: Class initialized using 'CodeIgniter\Session\Handlers\FileHandler' driver.
DEBUG - 2025-02-07 08:09:08 --> Session: Class initialized using 'CodeIgniter\Session\Handlers\FileHandler' driver.
DEBUG - 2025-02-07 08:11:24 --> Session: Class initialized using 'CodeIgniter\Session\Handlers\FileHandler' driver.
DEBUG - 2025-02-07 08:11:35 --> Session: Class initialized using 'CodeIgniter\Session\Handlers\FileHandler' driver.
DEBUG - 2025-02-07 08:13:09 --> Session: Class initialized using 'CodeIgniter\Session\Handlers\FileHandler' driver.
DEBUG - 2025-02-07 08:16:10 --> Session: Class initialized using 'CodeIgniter\Session\Handlers\FileHandler' driver.
DEBUG - 2025-02-07 08:16:15 --> Session: Class initialized using 'CodeIgniter\Session\Handlers\FileHandler' driver.
DEBUG - 2025-02-07 08:18:00 --> Session: Class initialized using 'CodeIgniter\Session\Handlers\FileHandler' driver.
DEBUG - 2025-02-07 08:30:48 --> Session: Class initialized using 'CodeIgniter\Session\Handlers\FileHandler' driver.
DEBUG - 2025-02-07 08:31:18 --> Session: Class initialized using 'CodeIgniter\Session\Handlers\FileHandler' driver.
DEBUG - 2025-02-07 08:32:41 --> Session: Class initialized using 'CodeIgniter\Session\Handlers\FileHandler' driver.
DEBUG - 2025-02-07 08:32:50 --> Session: Class initialized using 'CodeIgniter\Session\Handlers\FileHandler' driver.
DEBUG - 2025-02-07 08:33:28 --> Session: Class initialized using 'CodeIgniter\Session\Handlers\FileHandler' driver.
DEBUG - 2025-02-07 08:34:38 --> Session: Class initialized using 'CodeIgniter\Session\Handlers\FileHandler' driver.
DEBUG - 2025-02-07 08:34:55 --> Session: Class initialized using 'CodeIgniter\Session\Handlers\FileHandler' driver.
DEBUG - 2025-02-07 08:35:16 --> Session: Class initialized using 'CodeIgniter\Session\Handlers\FileHandler' driver.
DEBUG - 2025-02-07 08:35:44 --> Session: Class initialized using 'CodeIgniter\Session\Handlers\FileHandler' driver.
DEBUG - 2025-02-07 08:38:06 --> Session: Class initialized using 'CodeIgniter\Session\Handlers\FileHandler' driver.
DEBUG - 2025-02-07 08:39:11 --> Session: Class initialized using 'CodeIgniter\Session\Handlers\FileHandler' driver.
DEBUG - 2025-02-07 08:39:50 --> Session: Class initialized using 'CodeIgniter\Session\Handlers\FileHandler' driver.
DEBUG - 2025-02-07 08:40:40 --> Session: Class initialized using 'CodeIgniter\Session\Handlers\FileHandler' driver.
DEBUG - 2025-02-07 08:42:00 --> Session: Class initialized using 'CodeIgniter\Session\Handlers\FileHandler' driver.
DEBUG - 2025-02-07 08:42:54 --> Session: Class initialized using 'CodeIgniter\Session\Handlers\FileHandler' driver.
DEBUG - 2025-02-07 08:44:39 --> Session: Class initialized using 'CodeIgniter\Session\Handlers\FileHandler' driver.
DEBUG - 2025-02-07 08:45:22 --> Session: Class initialized using 'CodeIgniter\Session\Handlers\FileHandler' driver.
DEBUG - 2025-02-07 08:45:41 --> Session: Class initialized using 'CodeIgniter\Session\Handlers\FileHandler' driver.
DEBUG - 2025-02-07 08:45:47 --> Session: Class initialized using 'CodeIgniter\Session\Handlers\FileHandler' driver.
DEBUG - 2025-02-07 08:48:04 --> Session: Class initialized using 'CodeIgniter\Session\Handlers\FileHandler' driver.
DEBUG - 2025-02-07 08:48:20 --> Session: Class initialized using 'CodeIgniter\Session\Handlers\FileHandler' driver.
DEBUG - 2025-02-07 08:48:45 --> Session: Class initialized using 'CodeIgniter\Session\Handlers\FileHandler' driver.
DEBUG - 2025-02-07 08:49:10 --> Session: Class initialized using 'CodeIgniter\Session\Handlers\FileHandler' driver.
DEBUG - 2025-02-07 08:49:23 --> Session: Class initialized using 'CodeIgniter\Session\Handlers\FileHandler' driver.
DEBUG - 2025-02-07 08:49:30 --> Session: Class initialized using 'CodeIgniter\Session\Handlers\FileHandler' driver.
DEBUG - 2025-02-07 08:49:39 --> Session: Class initialized using 'CodeIgniter\Session\Handlers\FileHandler' driver.
DEBUG - 2025-02-07 08:49:51 --> Session: Class initialized using 'CodeIgniter\Session\Handlers\FileHandler' driver.
DEBUG - 2025-02-07 08:49:54 --> Session: Class initialized using 'CodeIgniter\Session\Handlers\FileHandler' driver.
DEBUG - 2025-02-07 08:50:09 --> Session: Class initialized using 'CodeIgniter\Session\Handlers\FileHandler' driver.
DEBUG - 2025-02-07 08:50:33 --> Session: Class initialized using 'CodeIgniter\Session\Handlers\FileHandler' driver.
DEBUG - 2025-02-07 08:50:49 --> Session: Class initialized using 'CodeIgniter\Session\Handlers\FileHandler' driver.
DEBUG - 2025-02-07 08:50:58 --> Session: Class initialized using 'CodeIgniter\Session\Handlers\FileHandler' driver.
DEBUG - 2025-02-07 08:51:14 --> Session: Class initialized using 'CodeIgniter\Session\Handlers\FileHandler' driver.
DEBUG - 2025-02-07 08:51:50 --> Session: Class initialized using 'CodeIgniter\Session\Handlers\FileHandler' driver.
DEBUG - 2025-02-07 08:52:10 --> Session: Class initialized using 'CodeIgniter\Session\Handlers\FileHandler' driver.
DEBUG - 2025-02-07 08:52:18 --> Session: Class initialized using 'CodeIgniter\Session\Handlers\FileHandler' driver.
DEBUG - 2025-02-07 08:52:39 --> Session: Class initialized using 'CodeIgniter\Session\Handlers\FileHandler' driver.
DEBUG - 2025-02-07 08:52:41 --> Session: Class initialized using 'CodeIgniter\Session\Handlers\FileHandler' driver.
DEBUG - 2025-02-07 08:52:59 --> Session: Class initialized using 'CodeIgniter\Session\Handlers\FileHandler' driver.
DEBUG - 2025-02-07 08:53:14 --> Session: Class initialized using 'CodeIgniter\Session\Handlers\FileHandler' driver.
DEBUG - 2025-02-07 08:53:41 --> Session: Class initialized using 'CodeIgniter\Session\Handlers\FileHandler' driver.
DEBUG - 2025-02-07 08:53:52 --> Session: Class initialized using 'CodeIgniter\Session\Handlers\FileHandler' driver.
DEBUG - 2025-02-07 08:54:00 --> Session: Class initialized using 'CodeIgniter\Session\Handlers\FileHandler' driver.
DEBUG - 2025-02-07 08:54:07 --> Session: Class initialized using 'CodeIgniter\Session\Handlers\FileHandler' driver.
DEBUG - 2025-02-07 08:54:41 --> Session: Class initialized using 'CodeIgniter\Session\Handlers\FileHandler' driver.
DEBUG - 2025-02-07 08:55:20 --> Session: Class initialized using 'CodeIgniter\Session\Handlers\FileHandler' driver.
DEBUG - 2025-02-07 08:55:34 --> Session: Class initialized using 'CodeIgniter\Session\Handlers\FileHandler' driver.
DEBUG - 2025-02-07 08:55:42 --> Session: Class initialized using 'CodeIgniter\Session\Handlers\FileHandler' driver.
DEBUG - 2025-02-07 08:58:09 --> Session: Class initialized using 'CodeIgniter\Session\Handlers\FileHandler' driver.
DEBUG - 2025-02-07 08:58:35 --> Session: Class initialized using 'CodeIgniter\Session\Handlers\FileHandler' driver.
DEBUG - 2025-02-07 09:28:25 --> Session: Class initialized using 'CodeIgniter\Session\Handlers\FileHandler' driver.
DEBUG - 2025-02-07 09:29:26 --> Session: Class initialized using 'CodeIgniter\Session\Handlers\FileHandler' driver.
DEBUG - 2025-02-07 09:30:06 --> Session: Class initialized using 'CodeIgniter\Session\Handlers\FileHandler' driver.
DEBUG - 2025-02-07 09:30:09 --> Session: Class initialized using 'CodeIgniter\Session\Handlers\FileHandler' driver.
DEBUG - 2025-02-07 09:30:18 --> Session: Class initialized using 'CodeIgniter\Session\Handlers\FileHandler' driver.
DEBUG - 2025-02-07 09:30:25 --> Session: Class initialized using 'CodeIgniter\Session\Handlers\FileHandler' driver.
DEBUG - 2025-02-07 09:31:28 --> Session: Class initialized using 'CodeIgniter\Session\Handlers\FileHandler' driver.
DEBUG - 2025-02-07 09:33:13 --> Session: Class initialized using 'CodeIgniter\Session\Handlers\FileHandler' driver.
DEBUG - 2025-02-07 09:35:23 --> Session: Class initialized using 'CodeIgniter\Session\Handlers\FileHandler' driver.
DEBUG - 2025-02-07 10:00:14 --> Session: Class initialized using 'CodeIgniter\Session\Handlers\FileHandler' driver.
DEBUG - 2025-02-07 10:02:47 --> Session: Class initialized using 'CodeIgniter\Session\Handlers\FileHandler' driver.
DEBUG - 2025-02-07 10:03:10 --> Session: Class initialized using 'CodeIgniter\Session\Handlers\FileHandler' driver.
DEBUG - 2025-02-07 10:10:10 --> Session: Class initialized using 'CodeIgniter\Session\Handlers\FileHandler' driver.
DEBUG - 2025-02-07 10:10:45 --> Session: Class initialized using 'CodeIgniter\Session\Handlers\FileHandler' driver.
DEBUG - 2025-02-07 10:14:33 --> Session: Class initialized using 'CodeIgniter\Session\Handlers\FileHandler' driver.
DEBUG - 2025-02-07 10:15:05 --> Session: Class initialized using 'CodeIgniter\Session\Handlers\FileHandler' driver.
DEBUG - 2025-02-07 10:16:09 --> Session: Class initialized using 'CodeIgniter\Session\Handlers\FileHandler' driver.
DEBUG - 2025-02-07 10:17:43 --> Session: Class initialized using 'CodeIgniter\Session\Handlers\FileHandler' driver.
DEBUG - 2025-02-07 10:18:13 --> Session: Class initialized using 'CodeIgniter\Session\Handlers\FileHandler' driver.
DEBUG - 2025-02-07 10:20:26 --> Session: Class initialized using 'CodeIgniter\Session\Handlers\FileHandler' driver.
DEBUG - 2025-02-07 10:21:59 --> Session: Class initialized using 'CodeIgniter\Session\Handlers\FileHandler' driver.
DEBUG - 2025-02-07 10:22:02 --> Session: Class initialized using 'CodeIgniter\Session\Handlers\FileHandler' driver.
DEBUG - 2025-02-07 10:22:31 --> Session: Class initialized using 'CodeIgniter\Session\Handlers\FileHandler' driver.
DEBUG - 2025-02-07 10:22:47 --> Session: Class initialized using 'CodeIgniter\Session\Handlers\FileHandler' driver.
DEBUG - 2025-02-07 10:23:00 --> Session: Class initialized using 'CodeIgniter\Session\Handlers\FileHandler' driver.
DEBUG - 2025-02-07 10:23:02 --> Session: Class initialized using 'CodeIgniter\Session\Handlers\FileHandler' driver.
DEBUG - 2025-02-07 10:23:32 --> Session: Class initialized using 'CodeIgniter\Session\Handlers\FileHandler' driver.
DEBUG - 2025-02-07 15:41:39 --> Session: Class initialized using 'CodeIgniter\Session\Handlers\FileHandler' driver.
DEBUG - 2025-02-07 15:45:30 --> Session: Class initialized using 'CodeIgniter\Session\Handlers\FileHandler' driver.
DEBUG - 2025-02-07 15:59:06 --> Session: Class initialized using 'CodeIgniter\Session\Handlers\FileHandler' driver.
DEBUG - 2025-02-07 16:00:03 --> Session: Class initialized using 'CodeIgniter\Session\Handlers\FileHandler' driver.
DEBUG - 2025-02-07 16:02:35 --> Session: Class initialized using 'CodeIgniter\Session\Handlers\FileHandler' driver.
DEBUG - 2025-02-07 16:03:39 --> Session: Class initialized using 'CodeIgniter\Session\Handlers\FileHandler' driver.
DEBUG - 2025-02-07 16:03:58 --> Session: Class initialized using 'CodeIgniter\Session\Handlers\FileHandler' driver.
DEBUG - 2025-02-07 16:04:24 --> Session: Class initialized using 'CodeIgniter\Session\Handlers\FileHandler' driver.
DEBUG - 2025-02-07 16:18:15 --> Session: Class initialized using 'CodeIgniter\Session\Handlers\FileHandler' driver.
DEBUG - 2025-02-07 16:26:28 --> Session: Class initialized using 'CodeIgniter\Session\Handlers\FileHandler' driver.
DEBUG - 2025-02-07 16:28:34 --> Session: Class initialized using 'CodeIgniter\Session\Handlers\FileHandler' driver.
DEBUG - 2025-02-07 16:30:13 --> Session: Class initialized using 'CodeIgniter\Session\Handlers\FileHandler' driver.
DEBUG - 2025-02-07 16:30:54 --> Session: Class initialized using 'CodeIgniter\Session\Handlers\FileHandler' driver.
DEBUG - 2025-02-07 16:30:54 --> Session: Class initialized using 'CodeIgniter\Session\Handlers\FileHandler' driver.
DEBUG - 2025-02-07 16:36:36 --> Session: Class initialized using 'CodeIgniter\Session\Handlers\FileHandler' driver.
DEBUG - 2025-02-07 16:38:03 --> Session: Class initialized using 'CodeIgniter\Session\Handlers\FileHandler' driver.
DEBUG - 2025-02-07 16:38:12 --> Session: Class initialized using 'CodeIgniter\Session\Handlers\FileHandler' driver.
DEBUG - 2025-02-07 16:38:32 --> Session: Class initialized using 'CodeIgniter\Session\Handlers\FileHandler' driver.
DEBUG - 2025-02-07 16:39:47 --> Session: Class initialized using 'CodeIgniter\Session\Handlers\FileHandler' driver.
ERROR - 2025-02-07 16:44:26 --> mysqli_sql_exception: Duplicate entry '22321345' for key 'aem_id_number' in C:\xampp\htdocs\AEM\system\Database\MySQLi\Connection.php:327
Stack trace:
#0 C:\xampp\htdocs\AEM\system\Database\MySQLi\Connection.php(327): mysqli->query('INSERT INTO `ae...', 0)
#1 C:\xampp\htdocs\AEM\system\Database\BaseConnection.php(738): CodeIgniter\Database\MySQLi\Connection->execute('INSERT INTO `ae...')
#2 C:\xampp\htdocs\AEM\system\Database\BaseConnection.php(652): CodeIgniter\Database\BaseConnection->simpleQuery('INSERT INTO `ae...')
#3 C:\xampp\htdocs\AEM\system\Database\BaseBuilder.php(2345): CodeIgniter\Database\BaseConnection->query('INSERT INTO `ae...', Array, false)
#4 C:\xampp\htdocs\AEM\system\Model.php(394): CodeIgniter\Database\BaseBuilder->insert()
#5 C:\xampp\htdocs\AEM\system\BaseModel.php(839): CodeIgniter\Model->doInsert(Array)
#6 C:\xampp\htdocs\AEM\system\Model.php(800): CodeIgniter\BaseModel->insert(Array, true)
#7 C:\xampp\htdocs\AEM\app\Controllers\UserController.php(94): CodeIgniter\Model->insert(Array)
#8 C:\xampp\htdocs\AEM\system\CodeIgniter.php(933): App\Controllers\UserController->register()
#9 C:\xampp\htdocs\AEM\system\CodeIgniter.php(507): CodeIgniter\CodeIgniter->runController(Object(App\Controllers\UserController))
#10 C:\xampp\htdocs\AEM\system\CodeIgniter.php(354): CodeIgniter\CodeIgniter->handleRequest(NULL, Object(Config\Cache), false)
#11 C:\xampp\htdocs\AEM\system\Boot.php(334): CodeIgniter\CodeIgniter->run()
#12 C:\xampp\htdocs\AEM\system\Boot.php(67): CodeIgniter\Boot::runCodeIgniter(Object(CodeIgniter\CodeIgniter))
#13 C:\xampp\htdocs\AEM\public\index.php(56): CodeIgniter\Boot::bootWeb(Object(Config\Paths))
#14 {main}
CRITICAL - 2025-02-07 16:44:26 --> CodeIgniter\Database\Exceptions\DatabaseException: Duplicate entry '22321345' for key 'aem_id_number'
[Method: POST, Route: register]
in SYSTEMPATH\Database\BaseConnection.php on line 692.
 1 SYSTEMPATH\Database\BaseBuilder.php(2345): CodeIgniter\Database\BaseConnection->query('INSERT INTO `aem_user` (`aem_name`, `aem_first_name`, `aem_date_of_birth`, `aem_place_of_birth`, `aem_id_number`, `aem_id_issue_date`, `aem_id_issue_place`, `aem_country`, `aem_state`, `aem_city`, `aem_identity_photo`, `aem_payment_screenshot`, `aem_sex`, `aem_phone_number`, `aem_user_password`) VALUES (:aem_name:, :aem_first_name:, :aem_date_of_birth:, :aem_place_of_birth:, :aem_id_number:, :aem_id_issue_date:, :aem_id_issue_place:, :aem_country:, :aem_state:, :aem_city:, :aem_identity_photo:, :aem_payment_screenshot:, :aem_sex:, :aem_phone_number:, :aem_user_password:)', [...], false)
 2 SYSTEMPATH\Model.php(394): CodeIgniter\Database\BaseBuilder->insert()
 3 SYSTEMPATH\BaseModel.php(839): CodeIgniter\Model->doInsert([...])
 4 SYSTEMPATH\Model.php(800): CodeIgniter\BaseModel->insert([...], true)
 5 APPPATH\Controllers\UserController.php(94): CodeIgniter\Model->insert([...])
 6 SYSTEMPATH\CodeIgniter.php(933): App\Controllers\UserController->register()
 7 SYSTEMPATH\CodeIgniter.php(507): CodeIgniter\CodeIgniter->runController(Object(App\Controllers\UserController))
 8 SYSTEMPATH\CodeIgniter.php(354): CodeIgniter\CodeIgniter->handleRequest(null, Object(Config\Cache), false)
 9 SYSTEMPATH\Boot.php(334): CodeIgniter\CodeIgniter->run()
10 SYSTEMPATH\Boot.php(67): CodeIgniter\Boot::runCodeIgniter(Object(CodeIgniter\CodeIgniter))
11 FCPATH\index.php(56): CodeIgniter\Boot::bootWeb(Object(Config\Paths))
CRITICAL - 2025-02-07 16:44:26 --> [Caused by] CodeIgniter\Database\Exceptions\DatabaseException: Duplicate entry '22321345' for key 'aem_id_number'
in SYSTEMPATH\Database\MySQLi\Connection.php on line 332.
 1 SYSTEMPATH\Database\BaseConnection.php(738): CodeIgniter\Database\MySQLi\Connection->execute('INSERT INTO `aem_user` (`aem_name`, `aem_first_name`, `aem_date_of_birth`, `aem_place_of_birth`, `aem_id_number`, `aem_id_issue_date`, `aem_id_issue_place`, `aem_country`, `aem_state`, `aem_city`, `aem_identity_photo`, `aem_payment_screenshot`, `aem_sex`, `aem_phone_number`, `aem_user_password`) VALUES (\'Manitra\', \'RAZ\', \'2025-02-14\', \'Ambositra\', \'22321345\', \'2025-02-25\', \'Ambositra\', \'4\', \'Ambatofinandrahana\', \'Antananarivo\', \'assets/images/67a6386a5bea2c621bf40eae7c814440146edf13e984a.jpg\', \'assets/images/67a6386a5bea4c621bf40eae7c814440146edf13e984a.jpg\', \'male\', \'0349034080\', \'gRrrDe\')')
 2 SYSTEMPATH\Database\BaseConnection.php(652): CodeIgniter\Database\BaseConnection->simpleQuery('INSERT INTO `aem_user` (`aem_name`, `aem_first_name`, `aem_date_of_birth`, `aem_place_of_birth`, `aem_id_number`, `aem_id_issue_date`, `aem_id_issue_place`, `aem_country`, `aem_state`, `aem_city`, `aem_identity_photo`, `aem_payment_screenshot`, `aem_sex`, `aem_phone_number`, `aem_user_password`) VALUES (\'Manitra\', \'RAZ\', \'2025-02-14\', \'Ambositra\', \'22321345\', \'2025-02-25\', \'Ambositra\', \'4\', \'Ambatofinandrahana\', \'Antananarivo\', \'assets/images/67a6386a5bea2c621bf40eae7c814440146edf13e984a.jpg\', \'assets/images/67a6386a5bea4c621bf40eae7c814440146edf13e984a.jpg\', \'male\', \'0349034080\', \'gRrrDe\')')
 3 SYSTEMPATH\Database\BaseBuilder.php(2345): CodeIgniter\Database\BaseConnection->query('INSERT INTO `aem_user` (`aem_name`, `aem_first_name`, `aem_date_of_birth`, `aem_place_of_birth`, `aem_id_number`, `aem_id_issue_date`, `aem_id_issue_place`, `aem_country`, `aem_state`, `aem_city`, `aem_identity_photo`, `aem_payment_screenshot`, `aem_sex`, `aem_phone_number`, `aem_user_password`) VALUES (:aem_name:, :aem_first_name:, :aem_date_of_birth:, :aem_place_of_birth:, :aem_id_number:, :aem_id_issue_date:, :aem_id_issue_place:, :aem_country:, :aem_state:, :aem_city:, :aem_identity_photo:, :aem_payment_screenshot:, :aem_sex:, :aem_phone_number:, :aem_user_password:)', [...], false)
 4 SYSTEMPATH\Model.php(394): CodeIgniter\Database\BaseBuilder->insert()
 5 SYSTEMPATH\BaseModel.php(839): CodeIgniter\Model->doInsert([...])
 6 SYSTEMPATH\Model.php(800): CodeIgniter\BaseModel->insert([...], true)
 7 APPPATH\Controllers\UserController.php(94): CodeIgniter\Model->insert([...])
 8 SYSTEMPATH\CodeIgniter.php(933): App\Controllers\UserController->register()
 9 SYSTEMPATH\CodeIgniter.php(507): CodeIgniter\CodeIgniter->runController(Object(App\Controllers\UserController))
10 SYSTEMPATH\CodeIgniter.php(354): CodeIgniter\CodeIgniter->handleRequest(null, Object(Config\Cache), false)
11 SYSTEMPATH\Boot.php(334): CodeIgniter\CodeIgniter->run()
12 SYSTEMPATH\Boot.php(67): CodeIgniter\Boot::runCodeIgniter(Object(CodeIgniter\CodeIgniter))
13 FCPATH\index.php(56): CodeIgniter\Boot::bootWeb(Object(Config\Paths))
CRITICAL - 2025-02-07 16:44:26 --> [Caused by] mysqli_sql_exception: Duplicate entry '22321345' for key 'aem_id_number'
in SYSTEMPATH\Database\MySQLi\Connection.php on line 327.
 1 SYSTEMPATH\Database\MySQLi\Connection.php(327): mysqli->query('INSERT INTO `aem_user` (`aem_name`, `aem_first_name`, `aem_date_of_birth`, `aem_place_of_birth`, `aem_id_number`, `aem_id_issue_date`, `aem_id_issue_place`, `aem_country`, `aem_state`, `aem_city`, `aem_identity_photo`, `aem_payment_screenshot`, `aem_sex`, `aem_phone_number`, `aem_user_password`) VALUES (\'Manitra\', \'RAZ\', \'2025-02-14\', \'Ambositra\', \'22321345\', \'2025-02-25\', \'Ambositra\', \'4\', \'Ambatofinandrahana\', \'Antananarivo\', \'assets/images/67a6386a5bea2c621bf40eae7c814440146edf13e984a.jpg\', \'assets/images/67a6386a5bea4c621bf40eae7c814440146edf13e984a.jpg\', \'male\', \'0349034080\', \'gRrrDe\')', 0)
 2 SYSTEMPATH\Database\BaseConnection.php(738): CodeIgniter\Database\MySQLi\Connection->execute('INSERT INTO `aem_user` (`aem_name`, `aem_first_name`, `aem_date_of_birth`, `aem_place_of_birth`, `aem_id_number`, `aem_id_issue_date`, `aem_id_issue_place`, `aem_country`, `aem_state`, `aem_city`, `aem_identity_photo`, `aem_payment_screenshot`, `aem_sex`, `aem_phone_number`, `aem_user_password`) VALUES (\'Manitra\', \'RAZ\', \'2025-02-14\', \'Ambositra\', \'22321345\', \'2025-02-25\', \'Ambositra\', \'4\', \'Ambatofinandrahana\', \'Antananarivo\', \'assets/images/67a6386a5bea2c621bf40eae7c814440146edf13e984a.jpg\', \'assets/images/67a6386a5bea4c621bf40eae7c814440146edf13e984a.jpg\', \'male\', \'0349034080\', \'gRrrDe\')')
 3 SYSTEMPATH\Database\BaseConnection.php(652): CodeIgniter\Database\BaseConnection->simpleQuery('INSERT INTO `aem_user` (`aem_name`, `aem_first_name`, `aem_date_of_birth`, `aem_place_of_birth`, `aem_id_number`, `aem_id_issue_date`, `aem_id_issue_place`, `aem_country`, `aem_state`, `aem_city`, `aem_identity_photo`, `aem_payment_screenshot`, `aem_sex`, `aem_phone_number`, `aem_user_password`) VALUES (\'Manitra\', \'RAZ\', \'2025-02-14\', \'Ambositra\', \'22321345\', \'2025-02-25\', \'Ambositra\', \'4\', \'Ambatofinandrahana\', \'Antananarivo\', \'assets/images/67a6386a5bea2c621bf40eae7c814440146edf13e984a.jpg\', \'assets/images/67a6386a5bea4c621bf40eae7c814440146edf13e984a.jpg\', \'male\', \'0349034080\', \'gRrrDe\')')
 4 SYSTEMPATH\Database\BaseBuilder.php(2345): CodeIgniter\Database\BaseConnection->query('INSERT INTO `aem_user` (`aem_name`, `aem_first_name`, `aem_date_of_birth`, `aem_place_of_birth`, `aem_id_number`, `aem_id_issue_date`, `aem_id_issue_place`, `aem_country`, `aem_state`, `aem_city`, `aem_identity_photo`, `aem_payment_screenshot`, `aem_sex`, `aem_phone_number`, `aem_user_password`) VALUES (:aem_name:, :aem_first_name:, :aem_date_of_birth:, :aem_place_of_birth:, :aem_id_number:, :aem_id_issue_date:, :aem_id_issue_place:, :aem_country:, :aem_state:, :aem_city:, :aem_identity_photo:, :aem_payment_screenshot:, :aem_sex:, :aem_phone_number:, :aem_user_password:)', [...], false)
 5 SYSTEMPATH\Model.php(394): CodeIgniter\Database\BaseBuilder->insert()
 6 SYSTEMPATH\BaseModel.php(839): CodeIgniter\Model->doInsert([...])
 7 SYSTEMPATH\Model.php(800): CodeIgniter\BaseModel->insert([...], true)
 8 APPPATH\Controllers\UserController.php(94): CodeIgniter\Model->insert([...])
 9 SYSTEMPATH\CodeIgniter.php(933): App\Controllers\UserController->register()
10 SYSTEMPATH\CodeIgniter.php(507): CodeIgniter\CodeIgniter->runController(Object(App\Controllers\UserController))
11 SYSTEMPATH\CodeIgniter.php(354): CodeIgniter\CodeIgniter->handleRequest(null, Object(Config\Cache), false)
12 SYSTEMPATH\Boot.php(334): CodeIgniter\CodeIgniter->run()
13 SYSTEMPATH\Boot.php(67): CodeIgniter\Boot::runCodeIgniter(Object(CodeIgniter\CodeIgniter))
14 FCPATH\index.php(56): CodeIgniter\Boot::bootWeb(Object(Config\Paths))
ERROR - 2025-02-07 16:45:47 --> mysqli_sql_exception: Duplicate entry '22321345' for key 'aem_id_number' in C:\xampp\htdocs\AEM\system\Database\MySQLi\Connection.php:327
Stack trace:
#0 C:\xampp\htdocs\AEM\system\Database\MySQLi\Connection.php(327): mysqli->query('INSERT INTO `ae...', 0)
#1 C:\xampp\htdocs\AEM\system\Database\BaseConnection.php(738): CodeIgniter\Database\MySQLi\Connection->execute('INSERT INTO `ae...')
#2 C:\xampp\htdocs\AEM\system\Database\BaseConnection.php(652): CodeIgniter\Database\BaseConnection->simpleQuery('INSERT INTO `ae...')
#3 C:\xampp\htdocs\AEM\system\Database\BaseBuilder.php(2345): CodeIgniter\Database\BaseConnection->query('INSERT INTO `ae...', Array, false)
#4 C:\xampp\htdocs\AEM\system\Model.php(394): CodeIgniter\Database\BaseBuilder->insert()
#5 C:\xampp\htdocs\AEM\system\BaseModel.php(839): CodeIgniter\Model->doInsert(Array)
#6 C:\xampp\htdocs\AEM\system\Model.php(800): CodeIgniter\BaseModel->insert(Array, true)
#7 C:\xampp\htdocs\AEM\app\Controllers\UserController.php(94): CodeIgniter\Model->insert(Array)
#8 C:\xampp\htdocs\AEM\system\CodeIgniter.php(933): App\Controllers\UserController->register()
#9 C:\xampp\htdocs\AEM\system\CodeIgniter.php(507): CodeIgniter\CodeIgniter->runController(Object(App\Controllers\UserController))
#10 C:\xampp\htdocs\AEM\system\CodeIgniter.php(354): CodeIgniter\CodeIgniter->handleRequest(NULL, Object(Config\Cache), false)
#11 C:\xampp\htdocs\AEM\system\Boot.php(334): CodeIgniter\CodeIgniter->run()
#12 C:\xampp\htdocs\AEM\system\Boot.php(67): CodeIgniter\Boot::runCodeIgniter(Object(CodeIgniter\CodeIgniter))
#13 C:\xampp\htdocs\AEM\public\index.php(56): CodeIgniter\Boot::bootWeb(Object(Config\Paths))
#14 {main}
CRITICAL - 2025-02-07 16:45:47 --> CodeIgniter\Database\Exceptions\DatabaseException: Duplicate entry '22321345' for key 'aem_id_number'
[Method: POST, Route: register]
in SYSTEMPATH\Database\BaseConnection.php on line 692.
 1 SYSTEMPATH\Database\BaseBuilder.php(2345): CodeIgniter\Database\BaseConnection->query('INSERT INTO `aem_user` (`aem_name`, `aem_first_name`, `aem_date_of_birth`, `aem_place_of_birth`, `aem_id_number`, `aem_id_issue_date`, `aem_id_issue_place`, `aem_country`, `aem_state`, `aem_city`, `aem_identity_photo`, `aem_payment_screenshot`, `aem_sex`, `aem_phone_number`, `aem_user_password`) VALUES (:aem_name:, :aem_first_name:, :aem_date_of_birth:, :aem_place_of_birth:, :aem_id_number:, :aem_id_issue_date:, :aem_id_issue_place:, :aem_country:, :aem_state:, :aem_city:, :aem_identity_photo:, :aem_payment_screenshot:, :aem_sex:, :aem_phone_number:, :aem_user_password:)', [...], false)
 2 SYSTEMPATH\Model.php(394): CodeIgniter\Database\BaseBuilder->insert()
 3 SYSTEMPATH\BaseModel.php(839): CodeIgniter\Model->doInsert([...])
 4 SYSTEMPATH\Model.php(800): CodeIgniter\BaseModel->insert([...], true)
 5 APPPATH\Controllers\UserController.php(94): CodeIgniter\Model->insert([...])
 6 SYSTEMPATH\CodeIgniter.php(933): App\Controllers\UserController->register()
 7 SYSTEMPATH\CodeIgniter.php(507): CodeIgniter\CodeIgniter->runController(Object(App\Controllers\UserController))
 8 SYSTEMPATH\CodeIgniter.php(354): CodeIgniter\CodeIgniter->handleRequest(null, Object(Config\Cache), false)
 9 SYSTEMPATH\Boot.php(334): CodeIgniter\CodeIgniter->run()
10 SYSTEMPATH\Boot.php(67): CodeIgniter\Boot::runCodeIgniter(Object(CodeIgniter\CodeIgniter))
11 FCPATH\index.php(56): CodeIgniter\Boot::bootWeb(Object(Config\Paths))
CRITICAL - 2025-02-07 16:45:47 --> [Caused by] CodeIgniter\Database\Exceptions\DatabaseException: Duplicate entry '22321345' for key 'aem_id_number'
in SYSTEMPATH\Database\MySQLi\Connection.php on line 332.
 1 SYSTEMPATH\Database\BaseConnection.php(738): CodeIgniter\Database\MySQLi\Connection->execute('INSERT INTO `aem_user` (`aem_name`, `aem_first_name`, `aem_date_of_birth`, `aem_place_of_birth`, `aem_id_number`, `aem_id_issue_date`, `aem_id_issue_place`, `aem_country`, `aem_state`, `aem_city`, `aem_identity_photo`, `aem_payment_screenshot`, `aem_sex`, `aem_phone_number`, `aem_user_password`) VALUES (\'Manitra\', \'RAZ\', \'2025-02-14\', \'Ambositra\', \'22321345\', \'2025-02-25\', \'Ambositra\', \'4\', \'Ambatofinandrahana\', \'Antananarivo\', \'assets/images/67a638bb09f78c621bf40eae7c814440146edf13e984a.jpg\', \'assets/images/67a638bb09f7ac621bf40eae7c814440146edf13e984a.jpg\', \'male\', \'0349034080\', \'mWjFdZ\')')
 2 SYSTEMPATH\Database\BaseConnection.php(652): CodeIgniter\Database\BaseConnection->simpleQuery('INSERT INTO `aem_user` (`aem_name`, `aem_first_name`, `aem_date_of_birth`, `aem_place_of_birth`, `aem_id_number`, `aem_id_issue_date`, `aem_id_issue_place`, `aem_country`, `aem_state`, `aem_city`, `aem_identity_photo`, `aem_payment_screenshot`, `aem_sex`, `aem_phone_number`, `aem_user_password`) VALUES (\'Manitra\', \'RAZ\', \'2025-02-14\', \'Ambositra\', \'22321345\', \'2025-02-25\', \'Ambositra\', \'4\', \'Ambatofinandrahana\', \'Antananarivo\', \'assets/images/67a638bb09f78c621bf40eae7c814440146edf13e984a.jpg\', \'assets/images/67a638bb09f7ac621bf40eae7c814440146edf13e984a.jpg\', \'male\', \'0349034080\', \'mWjFdZ\')')
 3 SYSTEMPATH\Database\BaseBuilder.php(2345): CodeIgniter\Database\BaseConnection->query('INSERT INTO `aem_user` (`aem_name`, `aem_first_name`, `aem_date_of_birth`, `aem_place_of_birth`, `aem_id_number`, `aem_id_issue_date`, `aem_id_issue_place`, `aem_country`, `aem_state`, `aem_city`, `aem_identity_photo`, `aem_payment_screenshot`, `aem_sex`, `aem_phone_number`, `aem_user_password`) VALUES (:aem_name:, :aem_first_name:, :aem_date_of_birth:, :aem_place_of_birth:, :aem_id_number:, :aem_id_issue_date:, :aem_id_issue_place:, :aem_country:, :aem_state:, :aem_city:, :aem_identity_photo:, :aem_payment_screenshot:, :aem_sex:, :aem_phone_number:, :aem_user_password:)', [...], false)
 4 SYSTEMPATH\Model.php(394): CodeIgniter\Database\BaseBuilder->insert()
 5 SYSTEMPATH\BaseModel.php(839): CodeIgniter\Model->doInsert([...])
 6 SYSTEMPATH\Model.php(800): CodeIgniter\BaseModel->insert([...], true)
 7 APPPATH\Controllers\UserController.php(94): CodeIgniter\Model->insert([...])
 8 SYSTEMPATH\CodeIgniter.php(933): App\Controllers\UserController->register()
 9 SYSTEMPATH\CodeIgniter.php(507): CodeIgniter\CodeIgniter->runController(Object(App\Controllers\UserController))
10 SYSTEMPATH\CodeIgniter.php(354): CodeIgniter\CodeIgniter->handleRequest(null, Object(Config\Cache), false)
11 SYSTEMPATH\Boot.php(334): CodeIgniter\CodeIgniter->run()
12 SYSTEMPATH\Boot.php(67): CodeIgniter\Boot::runCodeIgniter(Object(CodeIgniter\CodeIgniter))
13 FCPATH\index.php(56): CodeIgniter\Boot::bootWeb(Object(Config\Paths))
CRITICAL - 2025-02-07 16:45:47 --> [Caused by] mysqli_sql_exception: Duplicate entry '22321345' for key 'aem_id_number'
in SYSTEMPATH\Database\MySQLi\Connection.php on line 327.
 1 SYSTEMPATH\Database\MySQLi\Connection.php(327): mysqli->query('INSERT INTO `aem_user` (`aem_name`, `aem_first_name`, `aem_date_of_birth`, `aem_place_of_birth`, `aem_id_number`, `aem_id_issue_date`, `aem_id_issue_place`, `aem_country`, `aem_state`, `aem_city`, `aem_identity_photo`, `aem_payment_screenshot`, `aem_sex`, `aem_phone_number`, `aem_user_password`) VALUES (\'Manitra\', \'RAZ\', \'2025-02-14\', \'Ambositra\', \'22321345\', \'2025-02-25\', \'Ambositra\', \'4\', \'Ambatofinandrahana\', \'Antananarivo\', \'assets/images/67a638bb09f78c621bf40eae7c814440146edf13e984a.jpg\', \'assets/images/67a638bb09f7ac621bf40eae7c814440146edf13e984a.jpg\', \'male\', \'0349034080\', \'mWjFdZ\')', 0)
 2 SYSTEMPATH\Database\BaseConnection.php(738): CodeIgniter\Database\MySQLi\Connection->execute('INSERT INTO `aem_user` (`aem_name`, `aem_first_name`, `aem_date_of_birth`, `aem_place_of_birth`, `aem_id_number`, `aem_id_issue_date`, `aem_id_issue_place`, `aem_country`, `aem_state`, `aem_city`, `aem_identity_photo`, `aem_payment_screenshot`, `aem_sex`, `aem_phone_number`, `aem_user_password`) VALUES (\'Manitra\', \'RAZ\', \'2025-02-14\', \'Ambositra\', \'22321345\', \'2025-02-25\', \'Ambositra\', \'4\', \'Ambatofinandrahana\', \'Antananarivo\', \'assets/images/67a638bb09f78c621bf40eae7c814440146edf13e984a.jpg\', \'assets/images/67a638bb09f7ac621bf40eae7c814440146edf13e984a.jpg\', \'male\', \'0349034080\', \'mWjFdZ\')')
 3 SYSTEMPATH\Database\BaseConnection.php(652): CodeIgniter\Database\BaseConnection->simpleQuery('INSERT INTO `aem_user` (`aem_name`, `aem_first_name`, `aem_date_of_birth`, `aem_place_of_birth`, `aem_id_number`, `aem_id_issue_date`, `aem_id_issue_place`, `aem_country`, `aem_state`, `aem_city`, `aem_identity_photo`, `aem_payment_screenshot`, `aem_sex`, `aem_phone_number`, `aem_user_password`) VALUES (\'Manitra\', \'RAZ\', \'2025-02-14\', \'Ambositra\', \'22321345\', \'2025-02-25\', \'Ambositra\', \'4\', \'Ambatofinandrahana\', \'Antananarivo\', \'assets/images/67a638bb09f78c621bf40eae7c814440146edf13e984a.jpg\', \'assets/images/67a638bb09f7ac621bf40eae7c814440146edf13e984a.jpg\', \'male\', \'0349034080\', \'mWjFdZ\')')
 4 SYSTEMPATH\Database\BaseBuilder.php(2345): CodeIgniter\Database\BaseConnection->query('INSERT INTO `aem_user` (`aem_name`, `aem_first_name`, `aem_date_of_birth`, `aem_place_of_birth`, `aem_id_number`, `aem_id_issue_date`, `aem_id_issue_place`, `aem_country`, `aem_state`, `aem_city`, `aem_identity_photo`, `aem_payment_screenshot`, `aem_sex`, `aem_phone_number`, `aem_user_password`) VALUES (:aem_name:, :aem_first_name:, :aem_date_of_birth:, :aem_place_of_birth:, :aem_id_number:, :aem_id_issue_date:, :aem_id_issue_place:, :aem_country:, :aem_state:, :aem_city:, :aem_identity_photo:, :aem_payment_screenshot:, :aem_sex:, :aem_phone_number:, :aem_user_password:)', [...], false)
 5 SYSTEMPATH\Model.php(394): CodeIgniter\Database\BaseBuilder->insert()
 6 SYSTEMPATH\BaseModel.php(839): CodeIgniter\Model->doInsert([...])
 7 SYSTEMPATH\Model.php(800): CodeIgniter\BaseModel->insert([...], true)
 8 APPPATH\Controllers\UserController.php(94): CodeIgniter\Model->insert([...])
 9 SYSTEMPATH\CodeIgniter.php(933): App\Controllers\UserController->register()
10 SYSTEMPATH\CodeIgniter.php(507): CodeIgniter\CodeIgniter->runController(Object(App\Controllers\UserController))
11 SYSTEMPATH\CodeIgniter.php(354): CodeIgniter\CodeIgniter->handleRequest(null, Object(Config\Cache), false)
12 SYSTEMPATH\Boot.php(334): CodeIgniter\CodeIgniter->run()
13 SYSTEMPATH\Boot.php(67): CodeIgniter\Boot::runCodeIgniter(Object(CodeIgniter\CodeIgniter))
14 FCPATH\index.php(56): CodeIgniter\Boot::bootWeb(Object(Config\Paths))
CRITICAL - 2025-02-07 16:47:42 --> CodeIgniter\View\Exceptions\ViewException: Invalid file: "/.php"
[Method: POST, Route: register]
in SYSTEMPATH\Exceptions\FrameworkException.php on line 39.
 1 SYSTEMPATH\View\View.php(212): CodeIgniter\Exceptions\FrameworkException::forInvalidFile('/.php')
 2 SYSTEMPATH\Common.php(1173): CodeIgniter\View\View->render('/', [], true)
 3 APPPATH\Controllers\UserController.php(113): view('/', [...])
 4 SYSTEMPATH\CodeIgniter.php(933): App\Controllers\UserController->register()
 5 SYSTEMPATH\CodeIgniter.php(507): CodeIgniter\CodeIgniter->runController(Object(App\Controllers\UserController))
 6 SYSTEMPATH\CodeIgniter.php(354): CodeIgniter\CodeIgniter->handleRequest(null, Object(Config\Cache), false)
 7 SYSTEMPATH\Boot.php(334): CodeIgniter\CodeIgniter->run()
 8 SYSTEMPATH\Boot.php(67): CodeIgniter\Boot::runCodeIgniter(Object(CodeIgniter\CodeIgniter))
 9 FCPATH\index.php(56): CodeIgniter\Boot::bootWeb(Object(Config\Paths))
CRITICAL - 2025-02-07 16:48:18 --> CodeIgniter\View\Exceptions\ViewException: Invalid file: ".php"
[Method: POST, Route: register]
in SYSTEMPATH\Exceptions\FrameworkException.php on line 39.
 1 SYSTEMPATH\View\View.php(212): CodeIgniter\Exceptions\FrameworkException::forInvalidFile('.php')
 2 SYSTEMPATH\Common.php(1173): CodeIgniter\View\View->render('', [], true)
 3 APPPATH\Controllers\UserController.php(113): view('', [...])
 4 SYSTEMPATH\CodeIgniter.php(933): App\Controllers\UserController->register()
 5 SYSTEMPATH\CodeIgniter.php(507): CodeIgniter\CodeIgniter->runController(Object(App\Controllers\UserController))
 6 SYSTEMPATH\CodeIgniter.php(354): CodeIgniter\CodeIgniter->handleRequest(null, Object(Config\Cache), false)
 7 SYSTEMPATH\Boot.php(334): CodeIgniter\CodeIgniter->run()
 8 SYSTEMPATH\Boot.php(67): CodeIgniter\Boot::runCodeIgniter(Object(CodeIgniter\CodeIgniter))
 9 FCPATH\index.php(56): CodeIgniter\Boot::bootWeb(Object(Config\Paths))
CRITICAL - 2025-02-07 16:48:37 --> CodeIgniter\View\Exceptions\ViewException: Invalid file: "index.php"
[Method: POST, Route: register]
in SYSTEMPATH\Exceptions\FrameworkException.php on line 39.
 1 SYSTEMPATH\View\View.php(212): CodeIgniter\Exceptions\FrameworkException::forInvalidFile('index.php')
 2 SYSTEMPATH\Common.php(1173): CodeIgniter\View\View->render('index', [], true)
 3 APPPATH\Controllers\UserController.php(113): view('index', [...])
 4 SYSTEMPATH\CodeIgniter.php(933): App\Controllers\UserController->register()
 5 SYSTEMPATH\CodeIgniter.php(507): CodeIgniter\CodeIgniter->runController(Object(App\Controllers\UserController))
 6 SYSTEMPATH\CodeIgniter.php(354): CodeIgniter\CodeIgniter->handleRequest(null, Object(Config\Cache), false)
 7 SYSTEMPATH\Boot.php(334): CodeIgniter\CodeIgniter->run()
 8 SYSTEMPATH\Boot.php(67): CodeIgniter\Boot::runCodeIgniter(Object(CodeIgniter\CodeIgniter))
 9 FCPATH\index.php(56): CodeIgniter\Boot::bootWeb(Object(Config\Paths))
CRITICAL - 2025-02-07 16:55:04 --> CodeIgniter\HTTP\Exceptions\HTTPException: The route for "enrollement" cannot be found.
[Method: POST, Route: register]
in SYSTEMPATH\HTTP\RedirectResponse.php on line 63.
 1 SYSTEMPATH\HTTP\RedirectResponse.php(63): CodeIgniter\HTTP\Exceptions\HTTPException::forInvalidRedirectRoute('enrollement')
 2 SYSTEMPATH\Common.php(855): CodeIgniter\HTTP\RedirectResponse->route(false)
 3 APPPATH\Controllers\UserController.php(113): redirect('enrollement', [...])
 4 SYSTEMPATH\CodeIgniter.php(933): App\Controllers\UserController->register()
 5 SYSTEMPATH\CodeIgniter.php(507): CodeIgniter\CodeIgniter->runController(Object(App\Controllers\UserController))
 6 SYSTEMPATH\CodeIgniter.php(354): CodeIgniter\CodeIgniter->handleRequest(null, Object(Config\Cache), false)
 7 SYSTEMPATH\Boot.php(334): CodeIgniter\CodeIgniter->run()
 8 SYSTEMPATH\Boot.php(67): CodeIgniter\Boot::runCodeIgniter(Object(CodeIgniter\CodeIgniter))
 9 FCPATH\index.php(56): CodeIgniter\Boot::bootWeb(Object(Config\Paths))
DEBUG - 2025-02-07 16:58:06 --> Session: Class initialized using 'CodeIgniter\Session\Handlers\FileHandler' driver.
DEBUG - 2025-02-07 17:23:42 --> Session: Class initialized using 'CodeIgniter\Session\Handlers\FileHandler' driver.
DEBUG - 2025-02-07 17:24:29 --> Session: Class initialized using 'CodeIgniter\Session\Handlers\FileHandler' driver.
DEBUG - 2025-02-07 17:24:38 --> Session: Class initialized using 'CodeIgniter\Session\Handlers\FileHandler' driver.
DEBUG - 2025-02-07 17:25:02 --> Session: Class initialized using 'CodeIgniter\Session\Handlers\FileHandler' driver.
DEBUG - 2025-02-07 17:25:07 --> Session: Class initialized using 'CodeIgniter\Session\Handlers\FileHandler' driver.
DEBUG - 2025-02-07 19:08:49 --> Session: Class initialized using 'CodeIgniter\Session\Handlers\FileHandler' driver.
